2018-09-19 16:05:50,541 - orm.py:21 - server_info - create database connection pool...
2018-09-19 16:05:50,544 - app.py:76 - server_info - init jinja2...
2018-09-19 16:05:50,544 - app.py:88 - server_info - set jinja2 template path: /Users/huangjie/Desktop/web_python/templates
2018-09-19 16:05:50,544 - web_framework.py:171 - server_info - set coroutine: index
2018-09-19 16:05:50,545 - web_framework.py:173 - server_info - add route GET / => index(page)
2018-09-19 16:05:50,545 - app.py:121 - server_info - server started at http://127.0.0.1:9000 ........
2018-09-19 16:08:01,226 - orm.py:21 - server_info - create database connection pool...
2018-09-19 16:08:01,228 - app.py:76 - server_info - init jinja2...
2018-09-19 16:08:01,228 - app.py:88 - server_info - set jinja2 template path: /Users/huangjie/Desktop/web_python/templates
2018-09-19 16:08:01,229 - web_framework.py:171 - server_info - set coroutine: index
2018-09-19 16:08:01,229 - web_framework.py:173 - server_info - add route GET / => index(page)
2018-09-19 16:08:01,229 - app.py:121 - server_info - server started at http://127.0.0.1:9000 ........
2018-09-19 16:08:26,458 - orm.py:21 - server_info - create database connection pool...
2018-09-19 16:08:26,460 - app.py:76 - server_info - init jinja2...
2018-09-19 16:08:26,460 - app.py:88 - server_info - set jinja2 template path: /Users/huangjie/Desktop/web_python/templates
2018-09-19 16:08:26,461 - web_framework.py:171 - server_info - set coroutine: index
2018-09-19 16:08:26,461 - web_framework.py:173 - server_info - add route GET / => index(page)
2018-09-19 16:08:26,462 - app.py:121 - server_info - server started at http://127.0.0.1:9000 ........
2018-09-19 16:09:36,246 - orm.py:21 - server_info - create database connection pool...
2018-09-19 16:09:36,249 - app.py:76 - server_info - init jinja2...
2018-09-19 16:09:36,249 - app.py:88 - server_info - set jinja2 template path: /Users/huangjie/Desktop/web_python/templates
2018-09-19 16:09:36,249 - web_framework.py:171 - server_info - set coroutine: index
2018-09-19 16:09:36,250 - web_framework.py:173 - server_info - add route GET / => index(page)
2018-09-19 16:09:36,250 - app.py:121 - server_info - server started at http://127.0.0.1:9000 ........
2018-09-19 16:14:30,775 - orm.py:21 - server_info - create database connection pool...
2018-09-19 16:14:30,778 - app.py:76 - server_info - init jinja2...
2018-09-19 16:14:30,778 - app.py:88 - server_info - set jinja2 template path: /Users/huangjie/Desktop/web_python/templates
2018-09-19 16:14:30,778 - web_framework.py:172 - server_info - set coroutine: index
2018-09-19 16:14:30,778 - web_framework.py:174 - server_info - add route GET / => index(page)
2018-09-19 16:14:36,931 - orm.py:21 - server_info - create database connection pool...
2018-09-19 16:14:36,933 - app.py:76 - server_info - init jinja2...
2018-09-19 16:14:36,934 - app.py:88 - server_info - set jinja2 template path: /Users/huangjie/Desktop/web_python/templates
2018-09-19 16:14:36,934 - web_framework.py:172 - server_info - set coroutine: index
2018-09-19 16:14:36,934 - web_framework.py:174 - server_info - add route GET / => index(page)
2018-09-19 16:14:36,935 - app.py:121 - server_info - server started at http://127.0.0.1:9000 ........
2018-09-19 16:15:05,220 - orm.py:21 - server_info - create database connection pool...
2018-09-19 16:15:05,223 - app.py:76 - server_info - init jinja2...
2018-09-19 16:15:05,223 - app.py:88 - server_info - set jinja2 template path: /Users/huangjie/Desktop/web_python/templates
2018-09-19 16:15:05,224 - web_framework.py:172 - server_info - set coroutine: index
2018-09-19 16:15:05,224 - web_framework.py:174 - server_info - add route GET / => index(page)
2018-09-19 16:15:05,224 - app.py:121 - server_info - server started at http://127.0.0.1:9000 ........
2018-09-19 16:26:10,452 - orm.py:21 - server_info - create database connection pool...
2018-09-19 16:26:10,455 - app.py:76 - server_info - init jinja2...
2018-09-19 16:26:10,455 - app.py:88 - server_info - set jinja2 template path: /Users/huangjie/Desktop/web_python/templates
2018-09-19 16:26:10,455 - web_framework.py:173 - server_info - set coroutine: index
2018-09-19 16:26:10,456 - web_framework.py:175 - server_info - add route GET / => index(page)
2018-09-19 16:26:14,734 - orm.py:21 - server_info - create database connection pool...
2018-09-19 16:26:14,736 - app.py:76 - server_info - init jinja2...
2018-09-19 16:26:14,737 - app.py:88 - server_info - set jinja2 template path: /Users/huangjie/Desktop/web_python/templates
2018-09-19 16:26:14,737 - web_framework.py:173 - server_info - set coroutine: index
2018-09-19 16:26:14,737 - web_framework.py:175 - server_info - add route GET / => index(page)
2018-09-19 16:26:14,738 - app.py:121 - server_info - server started at http://127.0.0.1:9000 ........
